0 info it worked if it ends with ok
1 verbose cli [ '/usr/local/Cellar/node/0.10.26/bin/node',
1 verbose cli   '/usr/local/bin/npm',
1 verbose cli   'update',
1 verbose cli   '-g',
1 verbose cli   'npm' ]
2 info using npm@1.4.3
3 info using node@v0.10.26
4 verbose url raw npm
5 verbose url resolving [ 'https://registry.npmjs.org/', './npm' ]
6 verbose url resolved https://registry.npmjs.org/npm
7 info trying registry request attempt 1 at 16:18:57
8 verbose etag "6ADSNX8UFLXSKIVKMTFASQQC5"
9 http GET https://registry.npmjs.org/npm
10 verbose url raw npm
11 verbose url resolving [ 'https://registry.npmjs.org/', './npm' ]
12 verbose url resolved https://registry.npmjs.org/npm
13 info trying registry request attempt 1 at 16:18:57
14 verbose etag "6ADSNX8UFLXSKIVKMTFASQQC5"
15 http GET https://registry.npmjs.org/npm
16 http 304 https://registry.npmjs.org/npm
17 silly registry.get cb [ 304,
17 silly registry.get   { date: 'Tue, 27 May 2014 23:18:59 GMT',
17 silly registry.get     server: 'Apache',
17 silly registry.get     via: '1.1 varnish',
17 silly registry.get     'last-modified': 'Tue, 27 May 2014 23:18:59 GMT',
17 silly registry.get     'cache-control': 'max-age=1',
17 silly registry.get     etag: '"6ADSNX8UFLXSKIVKMTFASQQC5"',
17 silly registry.get     'x-served-by': 'cache-sv62-SJC3',
17 silly registry.get     'x-cache': 'HIT',
17 silly registry.get     'x-cache-hits': '1',
17 silly registry.get     'x-timer': 'S1401232739.782015,VS0,VE173',
17 silly registry.get     vary: 'Accept',
17 silly registry.get     'content-length': '0',
17 silly registry.get     'keep-alive': 'timeout=10, max=50',
17 silly registry.get     connection: 'Keep-Alive' } ]
18 verbose etag npm from cache
19 http 304 https://registry.npmjs.org/npm
20 silly registry.get cb [ 304,
20 silly registry.get   { date: 'Tue, 27 May 2014 23:18:59 GMT',
20 silly registry.get     server: 'Apache',
20 silly registry.get     via: '1.1 varnish',
20 silly registry.get     'last-modified': 'Tue, 27 May 2014 23:18:59 GMT',
20 silly registry.get     'cache-control': 'max-age=1',
20 silly registry.get     etag: '"6ADSNX8UFLXSKIVKMTFASQQC5"',
20 silly registry.get     'x-served-by': 'cache-sv94-SJC3',
20 silly registry.get     'x-cache': 'HIT',
20 silly registry.get     'x-cache-hits': '1',
20 silly registry.get     'x-timer': 'S1401232739.781177,VS0,VE174',
20 silly registry.get     vary: 'Accept',
20 silly registry.get     'content-length': '0',
20 silly registry.get     'keep-alive': 'timeout=10, max=50',
20 silly registry.get     connection: 'Keep-Alive' } ]
21 verbose etag npm from cache
22 info outdated updating [ [ '/usr/local/lib', 'npm', '1.4.3', '1.4.13', '1.4.13', '*' ],
22 info outdated   [ '/usr/local/lib/node_modules/meanio',
22 info outdated     'npm',
22 info outdated     '1.4.10',
22 info outdated     '1.4.13',
22 info outdated     '1.4.13',
22 info outdated     '^1.4.7' ] ]
23 verbose install where,what [ '/usr/local/lib', [ 'npm@1.4.13' ] ]
24 verbose install where,what [ '/usr/local/lib/node_modules/meanio', [ 'npm@1.4.13' ] ]
25 verbose readDependencies using package.json deps
26 verbose cache add [ 'npm@1.4.13', null ]
27 verbose cache add name=undefined spec="npm@1.4.13" args=["npm@1.4.13",null]
28 verbose parsed url { protocol: null,
28 verbose parsed url   slashes: null,
28 verbose parsed url   auth: null,
28 verbose parsed url   host: null,
28 verbose parsed url   port: null,
28 verbose parsed url   hostname: null,
28 verbose parsed url   hash: null,
28 verbose parsed url   search: null,
28 verbose parsed url   query: null,
28 verbose parsed url   pathname: 'npm@1.4.13',
28 verbose parsed url   path: 'npm@1.4.13',
28 verbose parsed url   href: 'npm@1.4.13' }
29 verbose cache add name="npm" spec="1.4.13" args=["npm","1.4.13"]
30 verbose parsed url { protocol: null,
30 verbose parsed url   slashes: null,
30 verbose parsed url   auth: null,
30 verbose parsed url   host: null,
30 verbose parsed url   port: null,
30 verbose parsed url   hostname: null,
30 verbose parsed url   hash: null,
30 verbose parsed url   search: null,
30 verbose parsed url   query: null,
30 verbose parsed url   pathname: '1.4.13',
30 verbose parsed url   path: '1.4.13',
30 verbose parsed url   href: '1.4.13' }
31 verbose addNamed [ 'npm', '1.4.13' ]
32 verbose addNamed [ '1.4.13', '1.4.13' ]
33 silly lockFile 3564966c-npm-1-4-13 npm@1.4.13
34 verbose lock npm@1.4.13 /Users/jeremy/.npm/3564966c-npm-1-4-13.lock
35 verbose cache add [ 'npm@1.4.13', null ]
36 verbose cache add name=undefined spec="npm@1.4.13" args=["npm@1.4.13",null]
37 verbose parsed url { protocol: null,
37 verbose parsed url   slashes: null,
37 verbose parsed url   auth: null,
37 verbose parsed url   host: null,
37 verbose parsed url   port: null,
37 verbose parsed url   hostname: null,
37 verbose parsed url   hash: null,
37 verbose parsed url   search: null,
37 verbose parsed url   query: null,
37 verbose parsed url   pathname: 'npm@1.4.13',
37 verbose parsed url   path: 'npm@1.4.13',
37 verbose parsed url   href: 'npm@1.4.13' }
38 verbose cache add name="npm" spec="1.4.13" args=["npm","1.4.13"]
39 verbose parsed url { protocol: null,
39 verbose parsed url   slashes: null,
39 verbose parsed url   auth: null,
39 verbose parsed url   host: null,
39 verbose parsed url   port: null,
39 verbose parsed url   hostname: null,
39 verbose parsed url   hash: null,
39 verbose parsed url   search: null,
39 verbose parsed url   query: null,
39 verbose parsed url   pathname: '1.4.13',
39 verbose parsed url   path: '1.4.13',
39 verbose parsed url   href: '1.4.13' }
40 verbose addNamed [ 'npm', '1.4.13' ]
41 verbose url raw npm/1.4.13
42 verbose url resolving [ 'https://registry.npmjs.org/', './npm/1.4.13' ]
43 verbose url resolved https://registry.npmjs.org/npm/1.4.13
44 info trying registry request attempt 1 at 16:19:00
45 verbose etag "6ADSNX8UFLXSKIVKMTFASQQC5"
46 http GET https://registry.npmjs.org/npm/1.4.13
47 http 304 https://registry.npmjs.org/npm/1.4.13
48 silly registry.get cb [ 304,
48 silly registry.get   { date: 'Tue, 27 May 2014 23:19:01 GMT',
48 silly registry.get     server: 'Apache',
48 silly registry.get     via: '1.1 varnish',
48 silly registry.get     'last-modified': 'Tue, 27 May 2014 23:19:02 GMT',
48 silly registry.get     'cache-control': 'max-age=1',
48 silly registry.get     etag: '"6ADSNX8UFLXSKIVKMTFASQQC5"',
48 silly registry.get     'x-served-by': 'cache-sv94-SJC3',
48 silly registry.get     'x-cache': 'MISS',
48 silly registry.get     'x-cache-hits': '0',
48 silly registry.get     'x-timer': 'S1401232741.933744,VS0,VE159',
48 silly registry.get     vary: 'Accept',
48 silly registry.get     'content-length': '0',
48 silly registry.get     'keep-alive': 'timeout=10, max=50',
48 silly registry.get     connection: 'Keep-Alive' } ]
49 verbose etag npm/1.4.13 from cache
50 silly lockFile 3564966c-npm-1-4-13 npm@1.4.13
51 silly lockFile 3564966c-npm-1-4-13 npm@1.4.13
52 silly resolved [ { version: '1.4.13',
52 silly resolved     name: 'npm',
52 silly resolved     description: 'A package manager for node',
52 silly resolved     keywords: [ 'package manager', 'modules', 'install', 'package.json' ],
52 silly resolved     preferGlobal: true,
52 silly resolved     config: { publishtest: false },
52 silly resolved     homepage: 'https://npmjs.org/doc/',
52 silly resolved     author:
52 silly resolved      { name: 'Isaac Z. Schlueter',
52 silly resolved        email: 'i@izs.me',
52 silly resolved        url: 'http://blog.izs.me' },
52 silly resolved     repository: { type: 'git', url: 'https://github.com/npm/npm' },
52 silly resolved     bugs:
52 silly resolved      { url: 'http://github.com/npm/npm/issues',
52 silly resolved        email: 'npm-@googlegroups.com' },
52 silly resolved     directories: { doc: './doc', man: './man', lib: './lib', bin: './bin' },
52 silly resolved     main: './lib/npm.js',
52 silly resolved     bin: { npm: './bin/npm-cli.js' },
52 silly resolved     dependencies:
52 silly resolved      { abbrev: '~1.0.5',
52 silly resolved        ansi: '~0.2.1',
52 silly resolved        ansicolors: '~0.3.2',
52 silly resolved        ansistyles: '~0.1.3',
52 silly resolved        archy: '0',
52 silly resolved        'block-stream': '0.0.7',
52 silly resolved        'char-spinner': '~1.0.0',
52 silly resolved        'child-process-close': '~0.1.1',
52 silly resolved        chmodr: '~0.1.0',
52 silly resolved        chownr: '0',
52 silly resolved        'cmd-shim': '~1.1.1',
52 silly resolved        columnify: '~0.1.2',
52 silly resolved        editor: '0.0.5',
52 silly resolved        fstream: '~0.1.25',
52 silly resolved        'fstream-npm': '~0.1.7',
52 silly resolved        'github-url-from-git': '1.1.1',
52 silly resolved        'github-url-from-username-repo': '~0.1.0',
52 silly resolved        glob: '~3.2.10',
52 silly resolved        'graceful-fs': '~2.0.2',
52 silly resolved        inflight: '~1.0.1',
52 silly resolved        ini: '~1.2.0',
52 silly resolved        'init-package-json': '0.0.17',
52 silly resolved        lockfile: '~0.4.0',
52 silly resolved        'lru-cache': '~2.5.0',
52 silly resolved        minimatch: '~0.3.0',
52 silly resolved        mkdirp: '~0.3.5',
52 silly resolved        'node-gyp': '~0.13.0',
52 silly resolved        nopt: '~2.2.1',
52 silly resolved        'npm-cache-filename': '~1.0.1',
52 silly resolved        'npm-install-checks': '~1.0.0',
52 silly resolved        'npm-registry-client': '~1.0.0',
52 silly resolved        'npm-user-validate': '~0.1.0',
52 silly resolved        npmconf: '~1.0.1',
52 silly resolved        npmlog: '0.0.6',
52 silly resolved        once: '~1.3.0',
52 silly resolved        opener: '~1.3.0',
52 silly resolved        osenv: '0',
52 silly resolved        'path-is-inside': '~1.0.0',
52 silly resolved        read: '~1.0.4',
52 silly resolved        'read-installed': '~2.0.4',
52 silly resolved        'read-package-json': '~1.1.9',
52 silly resolved        request: '~2.30.0',
52 silly resolved        retry: '~0.6.0',
52 silly resolved        rimraf: '~2.2.5',
52 silly resolved        semver: '~2.3.0',
52 silly resolved        sha: '~1.2.1',
52 silly resolved        slide: '~1.1.5',
52 silly resolved        'sorted-object': '~1.0.0',
52 silly resolved        tar: '~0.1.19',
52 silly resolved        'text-table': '~0.2.0',
52 silly resolved        'uid-number': '0.0.5',
52 silly resolved        which: '1' },
52 silly resolved     bundleDependencies:
52 silly resolved      [ 'abbrev',
52 silly resolved        'ansi',
52 silly resolved        'ansicolors',
52 silly resolved        'ansistyles',
52 silly resolved        'archy',
52 silly resolved        'block-stream',
52 silly resolved        'char-spinner',
52 silly resolved        'child-process-close',
52 silly resolved        'chmodr',
52 silly resolved        'chownr',
52 silly resolved        'cmd-shim',
52 silly resolved        'columnify',
52 silly resolved        'editor',
52 silly resolved        'fstream',
52 silly resolved        'fstream-npm',
52 silly resolved        'github-url-from-git',
52 silly resolved        'github-url-from-username-repo',
52 silly resolved        'glob',
52 silly resolved        'graceful-fs',
52 silly resolved        'inflight',
52 silly resolved        'inherits',
52 silly resolved        'ini',
52 silly resolved        'init-package-json',
52 silly resolved        'lockfile',
52 silly resolved        'lru-cache',
52 silly resolved        'minimatch',
52 silly resolved        'mkdirp',
52 silly resolved        'node-gyp',
52 silly resolved        'nopt',
52 silly resolved        'npm-cache-filename',
52 silly resolved        'npm-install-checks',
52 silly resolved        'npm-registry-client',
52 silly resolved        'npm-user-validate',
52 silly resolved        'npmconf',
52 silly resolved        'npmlog',
52 silly resolved        'once',
52 silly resolved        'opener',
52 silly resolved        'osenv',
52 silly resolved        'path-is-inside',
52 silly resolved        'read',
52 silly resolved        'read-installed',
52 silly resolved        'read-package-json',
52 silly resolved        'request',
52 silly resolved        'retry',
52 silly resolved        'rimraf',
52 silly resolved        'semver',
52 silly resolved        'sha',
52 silly resolved        'slide',
52 silly resolved        'sorted-object',
52 silly resolved        'tar',
52 silly resolved        'text-table',
52 silly resolved        'uid-number',
52 silly resolved        'which' ],
52 silly resolved     devDependencies:
52 silly resolved      { marked: '~0.3.2',
52 silly resolved        'npm-registry-mock': '~0.6.3',
52 silly resolved        ronn: '~0.3.6',
52 silly resolved        tap: '~0.4.9' },
52 silly resolved     engines: { node: '>=0.8', npm: '1' },
52 silly resolved     scripts:
52 silly resolved      { 'test-legacy': 'node ./test/run.js',
52 silly resolved        test: 'tap --timeout 120 test/tap/*.js',
52 silly resolved        tap: 'tap --timeout 120 test/tap/*.js',
52 silly resolved        'test-all': 'node ./test/run.js && tap test/tap/*.js',
52 silly resolved        prepublish: 'node bin/npm-cli.js prune --prefix=. --no-global && rm -rf test/*/*/node_modules && make -j32 doc',
52 silly resolved        dumpconf: 'env | grep npm | sort | uniq' },
52 silly resolved     license: 'Artistic-2.0',
52 silly resolved     man:
52 silly resolved      [ '/Users/jeremy/.npm/npm/1.4.13/package/man/man1/npm-README.1',
52 silly resolved        '/Users/jeremy/.npm/npm/1.4.13/package/man/man1/npm-adduser.1',
52 silly resolved        '/Users/jeremy/.npm/npm/1.4.13/package/man/man1/npm-bin.1',
52 silly resolved        '/Users/jeremy/.npm/npm/1.4.13/package/man/man1/npm-bugs.1',
52 silly resolved        '/Users/jeremy/.npm/npm/1.4.13/package/man/man1/npm-build.1',
52 silly resolved        '/Users/jeremy/.npm/npm/1.4.13/package/man/man1/npm-bundle.1',
52 silly resolved        '/Users/jeremy/.npm/npm/1.4.13/package/man/man1/npm-cache.1',
52 silly resolved        '/Users/jeremy/.npm/npm/1.4.13/package/man/man1/npm-completion.1',
52 silly resolved        '/Users/jeremy/.npm/npm/1.4.13/package/man/man1/npm-config.1',
52 silly resolved        '/Users/jeremy/.npm/npm/1.4.13/package/man/man1/npm-dedupe.1',
52 silly resolved        '/Users/jeremy/.npm/npm/1.4.13/package/man/man1/npm-deprecate.1',
52 silly resolved        '/Users/jeremy/.npm/npm/1.4.13/package/man/man1/npm-docs.1',
52 silly resolved        '/Users/jeremy/.npm/npm/1.4.13/package/man/man1/npm-edit.1',
52 silly resolved        '/Users/jeremy/.npm/npm/1.4.13/package/man/man1/npm-explore.1',
52 silly resolved        '/Users/jeremy/.npm/npm/1.4.13/package/man/man1/npm-help-search.1',
52 silly resolved        '/Users/jeremy/.npm/npm/1.4.13/package/man/man1/npm-help.1',
52 silly resolved        '/Users/jeremy/.npm/npm/1.4.13/package/man/man1/npm-init.1',
52 silly resolved        '/Users/jeremy/.npm/npm/1.4.13/package/man/man1/npm-install.1',
52 silly resolved        '/Users/jeremy/.npm/npm/1.4.13/package/man/man1/npm-link.1',
52 silly resolved        '/Users/jeremy/.npm/npm/1.4.13/package/man/man1/npm-ls.1',
52 silly resolved        '/Users/jeremy/.npm/npm/1.4.13/package/man/man1/npm-outdated.1',
52 silly resolved        '/Users/jeremy/.npm/npm/1.4.13/package/man/man1/npm-owner.1',
52 silly resolved        '/Users/jeremy/.npm/npm/1.4.13/package/man/man1/npm-pack.1',
52 silly resolved        '/Users/jeremy/.npm/npm/1.4.13/package/man/man1/npm-prefix.1',
52 silly resolved        '/Users/jeremy/.npm/npm/1.4.13/package/man/man1/npm-prune.1',
52 silly resolved        '/Users/jeremy/.npm/npm/1.4.13/package/man/man1/npm-publish.1',
52 silly resolved        '/Users/jeremy/.npm/npm/1.4.13/package/man/man1/npm-rebuild.1',
52 silly resolved        '/Users/jeremy/.npm/npm/1.4.13/package/man/man1/npm-repo.1',
52 silly resolved        '/Users/jeremy/.npm/npm/1.4.13/package/man/man1/npm-restart.1',
52 silly resolved        '/Users/jeremy/.npm/npm/1.4.13/package/man/man1/npm-rm.1',
52 silly resolved        '/Users/jeremy/.npm/npm/1.4.13/package/man/man1/npm-root.1',
52 silly resolved        '/Users/jeremy/.npm/npm/1.4.13/package/man/man1/npm-run-script.1',
52 silly resolved        '/Users/jeremy/.npm/npm/1.4.13/package/man/man1/npm-search.1',
52 silly resolved        '/Users/jeremy/.npm/npm/1.4.13/package/man/man1/npm-shrinkwrap.1',
52 silly resolved        '/Users/jeremy/.npm/npm/1.4.13/package/man/man1/npm-star.1',
52 silly resolved        '/Users/jeremy/.npm/npm/1.4.13/package/man/man1/npm-stars.1',
52 silly resolved        '/Users/jeremy/.npm/npm/1.4.13/package/man/man1/npm-start.1',
52 silly resolved        '/Users/jeremy/.npm/npm/1.4.13/package/man/man1/npm-stop.1',
52 silly resolved        '/Users/jeremy/.npm/npm/1.4.13/package/man/man1/npm-submodule.1',
52 silly resolved        '/Users/jeremy/.npm/npm/1.4.13/package/man/man1/npm-tag.1',
52 silly resolved        '/Users/jeremy/.npm/npm/1.4.13/package/man/man1/npm-test.1',
52 silly resolved        '/Users/jeremy/.npm/npm/1.4.13/package/man/man1/npm-uninstall.1',
52 silly resolved        '/Users/jeremy/.npm/npm/1.4.13/package/man/man1/npm-unpublish.1',
52 silly resolved        '/Users/jeremy/.npm/npm/1.4.13/package/man/man1/npm-update.1',
52 silly resolved        '/Users/jeremy/.npm/npm/1.4.13/package/man/man1/npm-version.1',
52 silly resolved        '/Users/jeremy/.npm/npm/1.4.13/package/man/man1/npm-view.1',
52 silly resolved        '/Users/jeremy/.npm/npm/1.4.13/package/man/man1/npm-whoami.1',
52 silly resolved        '/Users/jeremy/.npm/npm/1.4.13/package/man/man1/npm.1',
52 silly resolved        '/Users/jeremy/.npm/npm/1.4.13/package/man/man3/npm-bin.3',
52 silly resolved        '/Users/jeremy/.npm/npm/1.4.13/package/man/man3/npm-bugs.3',
52 silly resolved        '/Users/jeremy/.npm/npm/1.4.13/package/man/man3/npm-cache.3',
52 silly resolved        '/Users/jeremy/.npm/npm/1.4.13/package/man/man3/npm-commands.3',
52 silly resolved        '/Users/jeremy/.npm/npm/1.4.13/package/man/man3/npm-config.3',
52 silly resolved        '/Users/jeremy/.npm/npm/1.4.13/package/man/man3/npm-deprecate.3',
52 silly resolved        '/Users/jeremy/.npm/npm/1.4.13/package/man/man3/npm-docs.3',
52 silly resolved        '/Users/jeremy/.npm/npm/1.4.13/package/man/man3/npm-edit.3',
52 silly resolved        '/Users/jeremy/.npm/npm/1.4.13/package/man/man3/npm-explore.3',
52 silly resolved        '/Users/jeremy/.npm/npm/1.4.13/package/man/man3/npm-help-search.3',
52 silly resolved        '/Users/jeremy/.npm/npm/1.4.13/package/man/man3/npm-init.3',
52 silly resolved        '/Users/jeremy/.npm/npm/1.4.13/package/man/man3/npm-install.3',
52 silly resolved        '/Users/jeremy/.npm/npm/1.4.13/package/man/man3/npm-link.3',
52 silly resolved        '/Users/jeremy/.npm/npm/1.4.13/package/man/man3/npm-load.3',
52 silly resolved        '/Users/jeremy/.npm/npm/1.4.13/package/man/man3/npm-ls.3',
52 silly resolved        '/Users/jeremy/.npm/npm/1.4.13/package/man/man3/npm-outdated.3',
52 silly resolved        '/Users/jeremy/.npm/npm/1.4.13/package/man/man3/npm-owner.3',
52 silly resolved        '/Users/jeremy/.npm/npm/1.4.13/package/man/man3/npm-pack.3',
52 silly resolved        '/Users/jeremy/.npm/npm/1.4.13/package/man/man3/npm-prefix.3',
52 silly resolved        '/Users/jeremy/.npm/npm/1.4.13/package/man/man3/npm-prune.3',
52 silly resolved        '/Users/jeremy/.npm/npm/1.4.13/package/man/man3/npm-publish.3',
52 silly resolved        '/Users/jeremy/.npm/npm/1.4.13/package/man/man3/npm-rebuild.3',
52 silly resolved        '/Users/jeremy/.npm/npm/1.4.13/package/man/man3/npm-repo.3',
52 silly resolved        '/Users/jeremy/.npm/npm/1.4.13/package/man/man3/npm-restart.3',
52 silly resolved        '/Users/jeremy/.npm/npm/1.4.13/package/man/man3/npm-root.3',
52 silly resolved        '/Users/jeremy/.npm/npm/1.4.13/package/man/man3/npm-run-script.3',
52 silly resolved        '/Users/jeremy/.npm/npm/1.4.13/package/man/man3/npm-search.3',
52 silly resolved        '/Users/jeremy/.npm/npm/1.4.13/package/man/man3/npm-shrinkwrap.3',
52 silly resolved        '/Users/jeremy/.npm/npm/1.4.13/package/man/man3/npm-start.3',
52 silly resolved        '/Users/jeremy/.npm/npm/1.4.13/package/man/man3/npm-stop.3',
52 silly resolved        '/Users/jeremy/.npm/npm/1.4.13/package/man/man3/npm-submodule.3',
52 silly resolved        '/Users/jeremy/.npm/npm/1.4.13/package/man/man3/npm-tag.3',
52 silly resolved        '/Users/jeremy/.npm/npm/1.4.13/package/man/man3/npm-test.3',
52 silly resolved        '/Users/jeremy/.npm/npm/1.4.13/package/man/man3/npm-uninstall.3',
52 silly resolved        '/Users/jeremy/.npm/npm/1.4.13/package/man/man3/npm-unpublish.3',
52 silly resolved        '/Users/jeremy/.npm/npm/1.4.13/package/man/man3/npm-update.3',
52 silly resolved        '/Users/jeremy/.npm/npm/1.4.13/package/man/man3/npm-version.3',
52 silly resolved        '/Users/jeremy/.npm/npm/1.4.13/package/man/man3/npm-view.3',
52 silly resolved        '/Users/jeremy/.npm/npm/1.4.13/package/man/man3/npm-whoami.3',
52 silly resolved        '/Users/jeremy/.npm/npm/1.4.13/package/man/man3/npm.3',
52 silly resolved        '/Users/jeremy/.npm/npm/1.4.13/package/man/man5/npm-folders.5',
52 silly resolved        '/Users/jeremy/.npm/npm/1.4.13/package/man/man5/npm-global.5',
52 silly resolved        '/Users/jeremy/.npm/npm/1.4.13/package/man/man5/npm-json.5',
52 silly resolved        '/Users/jeremy/.npm/npm/1.4.13/package/man/man5/npmrc.5',
52 silly resolved        '/Users/jeremy/.npm/npm/1.4.13/package/man/man5/package.json.5',
52 silly resolved        '/Users/jeremy/.npm/npm/1.4.13/package/man/man7/npm-coding-style.7',
52 silly resolved        '/Users/jeremy/.npm/npm/1.4.13/package/man/man7/npm-config.7',
52 silly resolved        '/Users/jeremy/.npm/npm/1.4.13/package/man/man7/npm-developers.7',
52 silly resolved        '/Users/jeremy/.npm/npm/1.4.13/package/man/man7/npm-disputes.7',
52 silly resolved        '/Users/jeremy/.npm/npm/1.4.13/package/man/man7/npm-faq.7',
52 silly resolved        '/Users/jeremy/.npm/npm/1.4.13/package/man/man7/npm-index.7',
52 silly resolved        '/Users/jeremy/.npm/npm/1.4.13/package/man/man7/npm-registry.7',
52 silly resolved        '/Users/jeremy/.npm/npm/1.4.13/package/man/man7/npm-scripts.7',
52 silly resolved        '/Users/jeremy/.npm/npm/1.4.13/package/man/man7/removing-npm.7',
52 silly resolved        '/Users/jeremy/.npm/npm/1.4.13/package/man/man7/semver.7' ],
52 silly resolved     contributors:
52 silly resolved      [ [Object],
52 silly resolved        [Object],
52 silly resolved        [Object],
52 silly resolved        [Object],
52 silly resolved        [Object],
52 silly resolved        [Object],
52 silly resolved        [Object],
52 silly resolved        [Object],
52 silly resolved        [Object],
52 silly resolved        [Object],
52 silly resolved        [Object],
52 silly resolved        [Object],
52 silly resolved        [Object],
52 silly resolved        [Object],
52 silly resolved        [Object],
52 silly resolved        [Object],
52 silly resolved        [Object],
52 silly resolved        [Object],
52 silly resolved        [Object],
52 silly resolved        [Object],
52 silly resolved        [Object],
52 silly resolved        [Object],
52 silly resolved        [Object],
52 silly resolved        [Object],
52 silly resolved        [Object],
52 silly resolved        [Object],
52 silly resolved        [Object],
52 silly resolved        [Object],
52 silly resolved        [Object],
52 silly resolved        [Object],
52 silly resolved        [Object],
52 silly resolved        [Object],
52 silly resolved        [Object],
52 silly resolved        [Object],
52 silly resolved        [Object],
52 silly resolved        [Object],
52 silly resolved        [Object],
52 silly resolved        [Object],
52 silly resolved        [Object],
52 silly resolved        [Object],
52 silly resolved        [Object],
52 silly resolved        [Object],
52 silly resolved        [Object],
52 silly resolved        [Object],
52 silly resolved        [Object],
52 silly resolved        [Object],
52 silly resolved        [Object],
52 silly resolved        [Object],
52 silly resolved        [Object],
52 silly resolved        [Object],
52 silly resolved        [Object],
52 silly resolved        [Object],
52 silly resolved        [Object],
52 silly resolved        [Object],
52 silly resolved        [Object],
52 silly resolved        [Object],
52 silly resolved        [Object],
52 silly resolved        [Object],
52 silly resolved        [Object],
52 silly resolved        [Object],
52 silly resolved        [Object],
52 silly resolved        [Object],
52 silly resolved        [Object],
52 silly resolved        [Object],
52 silly resolved        [Object],
52 silly resolved        [Object],
52 silly resolved        [Object],
52 silly resolved        [Object],
52 silly resolved        [Object],
52 silly resolved        [Object],
52 silly resolved        [Object],
52 silly resolved        [Object],
52 silly resolved        [Object],
52 silly resolved        [Object],
52 silly resolved        [Object],
52 silly resolved        [Object],
52 silly resolved        [Object],
52 silly resolved        [Object],
52 silly resolved        [Object],
52 silly resolved        [Object],
52 silly resolved        [Object],
52 silly resolved        [Object],
52 silly resolved        [Object],
52 silly resolved        [Object],
52 silly resolved        [Object],
52 silly resolved        [Object],
52 silly resolved        [Object],
52 silly resolved        [Object],
52 silly resolved        [Object],
52 silly resolved        [Object],
52 silly resolved        [Object],
52 silly resolved        [Object],
52 silly resolved        [Object],
52 silly resolved        [Object],
52 silly resolved        [Object],
52 silly resolved        [Object],
52 silly resolved        [Object],
52 silly resolved        [Object],
52 silly resolved        [Object],
52 silly resolved        [Object],
52 silly resolved        [Object],
52 silly resolved        [Object],
52 silly resolved        [Object],
52 silly resolved        [Object],
52 silly resolved        [Object],
52 silly resolved        [Object],
52 silly resolved        [Object],
52 silly resolved        [Object],
52 silly resolved        [Object],
52 silly resolved        [Object],
52 silly resolved        [Object],
52 silly resolved        [Object],
52 silly resolved        [Object],
52 silly resolved        [Object],
52 silly resolved        [Object],
52 silly resolved        [Object],
52 silly resolved        [Object],
52 silly resolved        [Object],
52 silly resolved        [Object],
52 silly resolved        [Object],
52 silly resolved        [Object],
52 silly resolved        [Object],
52 silly resolved        [Object],
52 silly resolved        [Object],
52 silly resolved        [Object],
52 silly resolved        [Object],
52 silly resolved        [Object],
52 silly resolved        [Object],
52 silly resolved        [Object],
52 silly resolved        [Object],
52 silly resolved        [Object],
52 silly resolved        [Object],
52 silly resolved        [Object],
52 silly resolved        [Object],
52 silly resolved        [Object],
52 silly resolved        [Object],
52 silly resolved        [Object],
52 silly resolved        [Object],
52 silly resolved        [Object],
52 silly resolved        [Object],
52 silly resolved        [Object],
52 silly resolved        [Object],
52 silly resolved        [Object],
52 silly resolved        [Object],
52 silly resolved        [Object],
52 silly resolved        [Object],
52 silly resolved        [Object],
52 silly resolved        [Object],
52 silly resolved        [Object],
52 silly resolved        [Object],
52 silly resolved        [Object],
52 silly resolved        [Object],
52 silly resolved        [Object],
52 silly resolved        [Object],
52 silly resolved        [Object],
52 silly resolved        [Object],
52 silly resolved        [Object] ],
52 silly resolved     readme: 'npm(1) -- node package manager\n==============================\n[![Build Status](https://img.shields.io/travis/npm/npm/master.svg)](https://travis-ci.org/npm/npm)\n## SYNOPSIS\n\nThis is just enough info to get you up and running.\n\nMuch more info available via `npm help` once it\'s installed.\n\n## IMPORTANT\n\n**You need node v0.8 or higher to run this program.**\n\nTo install an old **and unsupported** version of npm that works on node 0.3\nand prior, clone the git repo and dig through the old tags and branches.\n\n## Super Easy Install\n\nnpm comes with node now.\n\n### Windows Computers\n\nGet the MSI.  npm is in it.\n\n### Apple Macintosh Computers\n\nGet the pkg.  npm is in it.\n\n### Other Sorts of Unices\n\nRun `make install`.  npm will be installed with node.\n\nIf you want a more fancy pants install (a different version, customized\npaths, etc.) then read on.\n\n## Fancy Install (Unix)\n\nThere\'s a pretty robust install script at\n<https://www.npmjs.org/install.sh>.  You can download that and run it.\n\nHere\'s an example using curl:\n\n    curl -L https://npmjs.org/install.sh | sh\n\n### Slightly Fancier\n\nYou can set any npm configuration params with that script:\n\n    npm_config_prefix=/some/path sh install.sh\n\nOr, you can run it in uber-debuggery mode:\n\n    npm_debug=1 sh install.sh\n\n### Even Fancier\n\nGet the code with git.  Use `make` to build the docs and do other stuff.\nIf you plan on hacking on npm, `make link` is your friend.\n\nIf you\'ve got the npm source code, you can also semi-permanently set\narbitrary config keys using the `./configure --key=val ...`, and then\nrun npm commands by doing `node cli.js <cmd> <args>`.  (This is helpful\nfor testing, or running stuff without actually installing npm itself.)\n\n## Fancy Windows Install\n\nYou can download a zip file from <https://npmjs.org/dist/>, and unpack it\nin the same folder where node.exe lives.\n\nIf that\'s not fancy enough for you, then you can fetch the code with\ngit, and mess with it directly.\n\n## Installing on Cygwin\n\nNo.\n\n## Permissions when Using npm to Install Other Stuff\n\n**tl;dr**\n\n* Use `sudo` for greater safety.  Or don\'t, if you prefer not to.\n* npm will downgrade permissions if it\'s root before running any build\n  scripts that package authors specified.\n\n### More details...\n\nAs of version 0.3, it is recommended to run npm as root.\nThis allows npm to change the user identifier to the `nobody` user prior\nto running any package build or test commands.\n\nIf you are not the root user, or if you are on a platform that does not\nsupport uid switching, then npm will not attempt to change the userid.\n\nIf you would like to ensure that npm **always** runs scripts as the\n"nobody" user, and have it fail if it cannot downgrade permissions, then\nset the following configuration param:\n\n    npm config set unsafe-perm false\n\nThis will prevent running in unsafe mode, even as non-root users.\n\n## Uninstalling\n\nSo sad to see you go.\n\n    sudo npm uninstall npm -g\n\nOr, if that fails,\n\n    sudo make uninstall\n\n## More Severe Uninstalling\n\nUsually, the above instructions are sufficient.  That will remove\nnpm, but leave behind anything you\'ve installed.\n\nIf you would like to remove all the packages that you have installed,\nthen you can use the `npm ls` command to find them, and then `npm rm` to\nremove them.\n\nTo remove cruft left behind by npm 0.x, you can use the included\n`clean-old.sh` script file.  You can run it conveniently like this:\n\n    npm explore npm -g -- sh scripts/clean-old.sh\n\nnpm uses two configuration files, one for per-user configs, and another\nfor global (every-user) configs.  You can view them by doing:\n\n    npm config get userconfig   # defaults to ~/.npmrc\n    npm config get globalconfig # defaults to /usr/local/etc/npmrc\n\nUninstalling npm does not remove configuration files by default.  You\nmust remove them yourself manually if you want them gone.  Note that\nthis means that future npm installs will not remember the settings that\nyou have chosen.\n\n## Using npm Programmatically\n\nIf you would like to use npm programmatically, you can do that.\nIt\'s not very well documented, but it *is* rather simple.\n\nMost of the time, unless you actually want to do all the things that\nnpm does, you should try using one of npm\'s dependencies rather than\nusing npm itself, if possible.\n\nEventually, npm will be just a thin cli wrapper around the modules\nthat it depends on, but for now, there are some things that you must\nuse npm itself to do.\n\n    var npm = require("npm")\n    npm.load(myConfigObject, function (er) {\n      if (er) return handlError(er)\n      npm.commands.install(["some", "args"], function (er, data) {\n        if (er) return commandFailed(er)\n        // command succeeded, and data might have some info\n      })\n      npm.on("log", function (message) { .... })\n    })\n\nThe `load` function takes an object hash of the command-line configs.\nThe various `npm.commands.<cmd>` functions take an **array** of\npositional argument **strings**.  The last argument to any\n`npm.commands.<cmd>` function is a callback.  Some commands take other\noptional arguments.  Read the source.\n\nYou cannot set configs individually for any single npm function at this\ntime.  Since `npm` is a singleton, any call to `npm.config.set` will\nchange the value for *all* npm commands in that process.\n\nSee `./bin/npm-cli.js` for an example of pulling config values off of the\ncommand line arguments using nopt.  You may also want to check out `npm\nhelp config` to learn about all the options you can set there.\n\n## More Docs\n\nCheck out the [docs](https://www.npmjs.org/doc/),\nespecially the [faq](https://www.npmjs.org/doc/faq.html).\n\nYou can use the `npm help` command to read any of them.\n\nIf you\'re a developer, and you want to use npm to publish your program,\nyou should [read this](https://www.npmjs.org/doc/developers.html)\n\n## Legal Stuff\n\n"npm" and "The npm Registry" are owned by npm, Inc.\nAll rights reserved.  See the included LICENSE file for more details.\n\n"Node.js" and "node" are trademarks owned by Joyent, Inc.\n\nModules published on the npm registry are not officially endorsed by\nnpm, Inc. or the Node.js project.\n\nData published to the npm registry is not part of npm itself, and is\nthe sole property of the publisher.  While every effort is made to\nensure accountability, there is absolutely no guarantee, warrantee, or\nassertion expressed or implied as to the quality, fitness for a\nspecific purpose, or lack of malice in any given npm package.\n\nIf you have a complaint about a package in the public npm registry,\nand cannot [resolve it with the package\nowner](https://www.npmjs.org/doc/misc/npm-disputes.html), please email\n<support@npmjs.com> and explain the situation.\n\nAny data published to The npm Registry (including user account\ninformation) may be removed or modified at the sole discretion of the\nnpm server administrators.\n\n### In plainer english\n\nnpm is the property of npm, Inc.\n\nIf you publish something, it\'s yours, and you are solely accountable\nfor it.\n\nIf other people publish something, it\'s theirs.\n\nUsers can publish Bad Stuff.  It will be removed promptly if reported.\nBut there is no vetting process for published modules, and you use\nthem at your own risk.  Please inspect the source.\n\nIf you publish Bad Stuff, we may delete it from the registry, or even\nban your account in extreme cases.  So don\'t do that.\n\n## BUGS\n\nWhen you find issues, please report them:\n\n* web:\n  <https://github.com/npm/npm/issues>\n* email:\n  <npm-@googlegroups.com>\n\nBe sure to include *all* of the output from the npm command that didn\'t work\nas expected.  The `npm-debug.log` file is also helpful to provide.\n\nYou can also look for isaacs in #node.js on irc://irc.freenode.net.  He\nwill no doubt tell you to put the output in a gist or email.\n\n## SEE ALSO\n\n* npm(1)\n* npm-faq(7)\n* npm-help(1)\n* npm-index(7)\n',
52 silly resolved     readmeFilename: 'README.md',
52 silly resolved     _id: 'npm@1.4.13',
52 silly resolved     _from: 'npm@1.4.13' } ]
53 info install npm@1.4.13 into /usr/local/lib/node_modules/meanio
54 info installOne npm@1.4.13
55 silly resolved [ { version: '1.4.13',
55 silly resolved     name: 'npm',
55 silly resolved     description: 'A package manager for node',
55 silly resolved     keywords: [ 'package manager', 'modules', 'install', 'package.json' ],
55 silly resolved     preferGlobal: true,
55 silly resolved     config: { publishtest: false },
55 silly resolved     homepage: 'https://npmjs.org/doc/',
55 silly resolved     author:
55 silly resolved      { name: 'Isaac Z. Schlueter',
55 silly resolved        email: 'i@izs.me',
55 silly resolved        url: 'http://blog.izs.me' },
55 silly resolved     repository: { type: 'git', url: 'https://github.com/npm/npm' },
55 silly resolved     bugs:
55 silly resolved      { url: 'http://github.com/npm/npm/issues',
55 silly resolved        email: 'npm-@googlegroups.com' },
55 silly resolved     directories: { doc: './doc', man: './man', lib: './lib', bin: './bin' },
55 silly resolved     main: './lib/npm.js',
55 silly resolved     bin: { npm: './bin/npm-cli.js' },
55 silly resolved     dependencies:
55 silly resolved      { abbrev: '~1.0.5',
55 silly resolved        ansi: '~0.2.1',
55 silly resolved        ansicolors: '~0.3.2',
55 silly resolved        ansistyles: '~0.1.3',
55 silly resolved        archy: '0',
55 silly resolved        'block-stream': '0.0.7',
55 silly resolved        'char-spinner': '~1.0.0',
55 silly resolved        'child-process-close': '~0.1.1',
55 silly resolved        chmodr: '~0.1.0',
55 silly resolved        chownr: '0',
55 silly resolved        'cmd-shim': '~1.1.1',
55 silly resolved        columnify: '~0.1.2',
55 silly resolved        editor: '0.0.5',
55 silly resolved        fstream: '~0.1.25',
55 silly resolved        'fstream-npm': '~0.1.7',
55 silly resolved        'github-url-from-git': '1.1.1',
55 silly resolved        'github-url-from-username-repo': '~0.1.0',
55 silly resolved        glob: '~3.2.10',
55 silly resolved        'graceful-fs': '~2.0.2',
55 silly resolved        inflight: '~1.0.1',
55 silly resolved        ini: '~1.2.0',
55 silly resolved        'init-package-json': '0.0.17',
55 silly resolved        lockfile: '~0.4.0',
55 silly resolved        'lru-cache': '~2.5.0',
55 silly resolved        minimatch: '~0.3.0',
55 silly resolved        mkdirp: '~0.3.5',
55 silly resolved        'node-gyp': '~0.13.0',
55 silly resolved        nopt: '~2.2.1',
55 silly resolved        'npm-cache-filename': '~1.0.1',
55 silly resolved        'npm-install-checks': '~1.0.0',
55 silly resolved        'npm-registry-client': '~1.0.0',
55 silly resolved        'npm-user-validate': '~0.1.0',
55 silly resolved        npmconf: '~1.0.1',
55 silly resolved        npmlog: '0.0.6',
55 silly resolved        once: '~1.3.0',
55 silly resolved        opener: '~1.3.0',
55 silly resolved        osenv: '0',
55 silly resolved        'path-is-inside': '~1.0.0',
55 silly resolved        read: '~1.0.4',
55 silly resolved        'read-installed': '~2.0.4',
55 silly resolved        'read-package-json': '~1.1.9',
55 silly resolved        request: '~2.30.0',
55 silly resolved        retry: '~0.6.0',
55 silly resolved        rimraf: '~2.2.5',
55 silly resolved        semver: '~2.3.0',
55 silly resolved        sha: '~1.2.1',
55 silly resolved        slide: '~1.1.5',
55 silly resolved        'sorted-object': '~1.0.0',
55 silly resolved        tar: '~0.1.19',
55 silly resolved        'text-table': '~0.2.0',
55 silly resolved        'uid-number': '0.0.5',
55 silly resolved        which: '1' },
55 silly resolved     bundleDependencies:
55 silly resolved      [ 'abbrev',
55 silly resolved        'ansi',
55 silly resolved        'ansicolors',
55 silly resolved        'ansistyles',
55 silly resolved        'archy',
55 silly resolved        'block-stream',
55 silly resolved        'char-spinner',
55 silly resolved        'child-process-close',
55 silly resolved        'chmodr',
55 silly resolved        'chownr',
55 silly resolved        'cmd-shim',
55 silly resolved        'columnify',
55 silly resolved        'editor',
55 silly resolved        'fstream',
55 silly resolved        'fstream-npm',
55 silly resolved        'github-url-from-git',
55 silly resolved        'github-url-from-username-repo',
55 silly resolved        'glob',
55 silly resolved        'graceful-fs',
55 silly resolved        'inflight',
55 silly resolved        'inherits',
55 silly resolved        'ini',
55 silly resolved        'init-package-json',
55 silly resolved        'lockfile',
55 silly resolved        'lru-cache',
55 silly resolved        'minimatch',
55 silly resolved        'mkdirp',
55 silly resolved        'node-gyp',
55 silly resolved        'nopt',
55 silly resolved        'npm-cache-filename',
55 silly resolved        'npm-install-checks',
55 silly resolved        'npm-registry-client',
55 silly resolved        'npm-user-validate',
55 silly resolved        'npmconf',
55 silly resolved        'npmlog',
55 silly resolved        'once',
55 silly resolved        'opener',
55 silly resolved        'osenv',
55 silly resolved        'path-is-inside',
55 silly resolved        'read',
55 silly resolved        'read-installed',
55 silly resolved        'read-package-json',
55 silly resolved        'request',
55 silly resolved        'retry',
55 silly resolved        'rimraf',
55 silly resolved        'semver',
55 silly resolved        'sha',
55 silly resolved        'slide',
55 silly resolved        'sorted-object',
55 silly resolved        'tar',
55 silly resolved        'text-table',
55 silly resolved        'uid-number',
55 silly resolved        'which' ],
55 silly resolved     devDependencies:
55 silly resolved      { marked: '~0.3.2',
55 silly resolved        'npm-registry-mock': '~0.6.3',
55 silly resolved        ronn: '~0.3.6',
55 silly resolved        tap: '~0.4.9' },
55 silly resolved     engines: { node: '>=0.8', npm: '1' },
55 silly resolved     scripts:
55 silly resolved      { 'test-legacy': 'node ./test/run.js',
55 silly resolved        test: 'tap --timeout 120 test/tap/*.js',
55 silly resolved        tap: 'tap --timeout 120 test/tap/*.js',
55 silly resolved        'test-all': 'node ./test/run.js && tap test/tap/*.js',
55 silly resolved        prepublish: 'node bin/npm-cli.js prune --prefix=. --no-global && rm -rf test/*/*/node_modules && make -j32 doc',
55 silly resolved        dumpconf: 'env | grep npm | sort | uniq' },
55 silly resolved     license: 'Artistic-2.0',
55 silly resolved     man:
55 silly resolved      [ '/Users/jeremy/.npm/npm/1.4.13/package/man/man1/npm-README.1',
55 silly resolved        '/Users/jeremy/.npm/npm/1.4.13/package/man/man1/npm-adduser.1',
55 silly resolved        '/Users/jeremy/.npm/npm/1.4.13/package/man/man1/npm-bin.1',
55 silly resolved        '/Users/jeremy/.npm/npm/1.4.13/package/man/man1/npm-bugs.1',
55 silly resolved        '/Users/jeremy/.npm/npm/1.4.13/package/man/man1/npm-build.1',
55 silly resolved        '/Users/jeremy/.npm/npm/1.4.13/package/man/man1/npm-bundle.1',
55 silly resolved        '/Users/jeremy/.npm/npm/1.4.13/package/man/man1/npm-cache.1',
55 silly resolved        '/Users/jeremy/.npm/npm/1.4.13/package/man/man1/npm-completion.1',
55 silly resolved        '/Users/jeremy/.npm/npm/1.4.13/package/man/man1/npm-config.1',
55 silly resolved        '/Users/jeremy/.npm/npm/1.4.13/package/man/man1/npm-dedupe.1',
55 silly resolved        '/Users/jeremy/.npm/npm/1.4.13/package/man/man1/npm-deprecate.1',
55 silly resolved        '/Users/jeremy/.npm/npm/1.4.13/package/man/man1/npm-docs.1',
55 silly resolved        '/Users/jeremy/.npm/npm/1.4.13/package/man/man1/npm-edit.1',
55 silly resolved        '/Users/jeremy/.npm/npm/1.4.13/package/man/man1/npm-explore.1',
55 silly resolved        '/Users/jeremy/.npm/npm/1.4.13/package/man/man1/npm-help-search.1',
55 silly resolved        '/Users/jeremy/.npm/npm/1.4.13/package/man/man1/npm-help.1',
55 silly resolved        '/Users/jeremy/.npm/npm/1.4.13/package/man/man1/npm-init.1',
55 silly resolved        '/Users/jeremy/.npm/npm/1.4.13/package/man/man1/npm-install.1',
55 silly resolved        '/Users/jeremy/.npm/npm/1.4.13/package/man/man1/npm-link.1',
55 silly resolved        '/Users/jeremy/.npm/npm/1.4.13/package/man/man1/npm-ls.1',
55 silly resolved        '/Users/jeremy/.npm/npm/1.4.13/package/man/man1/npm-outdated.1',
55 silly resolved        '/Users/jeremy/.npm/npm/1.4.13/package/man/man1/npm-owner.1',
55 silly resolved        '/Users/jeremy/.npm/npm/1.4.13/package/man/man1/npm-pack.1',
55 silly resolved        '/Users/jeremy/.npm/npm/1.4.13/package/man/man1/npm-prefix.1',
55 silly resolved        '/Users/jeremy/.npm/npm/1.4.13/package/man/man1/npm-prune.1',
55 silly resolved        '/Users/jeremy/.npm/npm/1.4.13/package/man/man1/npm-publish.1',
55 silly resolved        '/Users/jeremy/.npm/npm/1.4.13/package/man/man1/npm-rebuild.1',
55 silly resolved        '/Users/jeremy/.npm/npm/1.4.13/package/man/man1/npm-repo.1',
55 silly resolved        '/Users/jeremy/.npm/npm/1.4.13/package/man/man1/npm-restart.1',
55 silly resolved        '/Users/jeremy/.npm/npm/1.4.13/package/man/man1/npm-rm.1',
55 silly resolved        '/Users/jeremy/.npm/npm/1.4.13/package/man/man1/npm-root.1',
55 silly resolved        '/Users/jeremy/.npm/npm/1.4.13/package/man/man1/npm-run-script.1',
55 silly resolved        '/Users/jeremy/.npm/npm/1.4.13/package/man/man1/npm-search.1',
55 silly resolved        '/Users/jeremy/.npm/npm/1.4.13/package/man/man1/npm-shrinkwrap.1',
55 silly resolved        '/Users/jeremy/.npm/npm/1.4.13/package/man/man1/npm-star.1',
55 silly resolved        '/Users/jeremy/.npm/npm/1.4.13/package/man/man1/npm-stars.1',
55 silly resolved        '/Users/jeremy/.npm/npm/1.4.13/package/man/man1/npm-start.1',
55 silly resolved        '/Users/jeremy/.npm/npm/1.4.13/package/man/man1/npm-stop.1',
55 silly resolved        '/Users/jeremy/.npm/npm/1.4.13/package/man/man1/npm-submodule.1',
55 silly resolved        '/Users/jeremy/.npm/npm/1.4.13/package/man/man1/npm-tag.1',
55 silly resolved        '/Users/jeremy/.npm/npm/1.4.13/package/man/man1/npm-test.1',
55 silly resolved        '/Users/jeremy/.npm/npm/1.4.13/package/man/man1/npm-uninstall.1',
55 silly resolved        '/Users/jeremy/.npm/npm/1.4.13/package/man/man1/npm-unpublish.1',
55 silly resolved        '/Users/jeremy/.npm/npm/1.4.13/package/man/man1/npm-update.1',
55 silly resolved        '/Users/jeremy/.npm/npm/1.4.13/package/man/man1/npm-version.1',
55 silly resolved        '/Users/jeremy/.npm/npm/1.4.13/package/man/man1/npm-view.1',
55 silly resolved        '/Users/jeremy/.npm/npm/1.4.13/package/man/man1/npm-whoami.1',
55 silly resolved        '/Users/jeremy/.npm/npm/1.4.13/package/man/man1/npm.1',
55 silly resolved        '/Users/jeremy/.npm/npm/1.4.13/package/man/man3/npm-bin.3',
55 silly resolved        '/Users/jeremy/.npm/npm/1.4.13/package/man/man3/npm-bugs.3',
55 silly resolved        '/Users/jeremy/.npm/npm/1.4.13/package/man/man3/npm-cache.3',
55 silly resolved        '/Users/jeremy/.npm/npm/1.4.13/package/man/man3/npm-commands.3',
55 silly resolved        '/Users/jeremy/.npm/npm/1.4.13/package/man/man3/npm-config.3',
55 silly resolved        '/Users/jeremy/.npm/npm/1.4.13/package/man/man3/npm-deprecate.3',
55 silly resolved        '/Users/jeremy/.npm/npm/1.4.13/package/man/man3/npm-docs.3',
55 silly resolved        '/Users/jeremy/.npm/npm/1.4.13/package/man/man3/npm-edit.3',
55 silly resolved        '/Users/jeremy/.npm/npm/1.4.13/package/man/man3/npm-explore.3',
55 silly resolved        '/Users/jeremy/.npm/npm/1.4.13/package/man/man3/npm-help-search.3',
55 silly resolved        '/Users/jeremy/.npm/npm/1.4.13/package/man/man3/npm-init.3',
55 silly resolved        '/Users/jeremy/.npm/npm/1.4.13/package/man/man3/npm-install.3',
55 silly resolved        '/Users/jeremy/.npm/npm/1.4.13/package/man/man3/npm-link.3',
55 silly resolved        '/Users/jeremy/.npm/npm/1.4.13/package/man/man3/npm-load.3',
55 silly resolved        '/Users/jeremy/.npm/npm/1.4.13/package/man/man3/npm-ls.3',
55 silly resolved        '/Users/jeremy/.npm/npm/1.4.13/package/man/man3/npm-outdated.3',
55 silly resolved        '/Users/jeremy/.npm/npm/1.4.13/package/man/man3/npm-owner.3',
55 silly resolved        '/Users/jeremy/.npm/npm/1.4.13/package/man/man3/npm-pack.3',
55 silly resolved        '/Users/jeremy/.npm/npm/1.4.13/package/man/man3/npm-prefix.3',
55 silly resolved        '/Users/jeremy/.npm/npm/1.4.13/package/man/man3/npm-prune.3',
55 silly resolved        '/Users/jeremy/.npm/npm/1.4.13/package/man/man3/npm-publish.3',
55 silly resolved        '/Users/jeremy/.npm/npm/1.4.13/package/man/man3/npm-rebuild.3',
55 silly resolved        '/Users/jeremy/.npm/npm/1.4.13/package/man/man3/npm-repo.3',
55 silly resolved        '/Users/jeremy/.npm/npm/1.4.13/package/man/man3/npm-restart.3',
55 silly resolved        '/Users/jeremy/.npm/npm/1.4.13/package/man/man3/npm-root.3',
55 silly resolved        '/Users/jeremy/.npm/npm/1.4.13/package/man/man3/npm-run-script.3',
55 silly resolved        '/Users/jeremy/.npm/npm/1.4.13/package/man/man3/npm-search.3',
55 silly resolved        '/Users/jeremy/.npm/npm/1.4.13/package/man/man3/npm-shrinkwrap.3',
55 silly resolved        '/Users/jeremy/.npm/npm/1.4.13/package/man/man3/npm-start.3',
55 silly resolved        '/Users/jeremy/.npm/npm/1.4.13/package/man/man3/npm-stop.3',
55 silly resolved        '/Users/jeremy/.npm/npm/1.4.13/package/man/man3/npm-submodule.3',
55 silly resolved        '/Users/jeremy/.npm/npm/1.4.13/package/man/man3/npm-tag.3',
55 silly resolved        '/Users/jeremy/.npm/npm/1.4.13/package/man/man3/npm-test.3',
55 silly resolved        '/Users/jeremy/.npm/npm/1.4.13/package/man/man3/npm-uninstall.3',
55 silly resolved        '/Users/jeremy/.npm/npm/1.4.13/package/man/man3/npm-unpublish.3',
55 silly resolved        '/Users/jeremy/.npm/npm/1.4.13/package/man/man3/npm-update.3',
55 silly resolved        '/Users/jeremy/.npm/npm/1.4.13/package/man/man3/npm-version.3',
55 silly resolved        '/Users/jeremy/.npm/npm/1.4.13/package/man/man3/npm-view.3',
55 silly resolved        '/Users/jeremy/.npm/npm/1.4.13/package/man/man3/npm-whoami.3',
55 silly resolved        '/Users/jeremy/.npm/npm/1.4.13/package/man/man3/npm.3',
55 silly resolved        '/Users/jeremy/.npm/npm/1.4.13/package/man/man5/npm-folders.5',
55 silly resolved        '/Users/jeremy/.npm/npm/1.4.13/package/man/man5/npm-global.5',
55 silly resolved        '/Users/jeremy/.npm/npm/1.4.13/package/man/man5/npm-json.5',
55 silly resolved        '/Users/jeremy/.npm/npm/1.4.13/package/man/man5/npmrc.5',
55 silly resolved        '/Users/jeremy/.npm/npm/1.4.13/package/man/man5/package.json.5',
55 silly resolved        '/Users/jeremy/.npm/npm/1.4.13/package/man/man7/npm-coding-style.7',
55 silly resolved        '/Users/jeremy/.npm/npm/1.4.13/package/man/man7/npm-config.7',
55 silly resolved        '/Users/jeremy/.npm/npm/1.4.13/package/man/man7/npm-developers.7',
55 silly resolved        '/Users/jeremy/.npm/npm/1.4.13/package/man/man7/npm-disputes.7',
55 silly resolved        '/Users/jeremy/.npm/npm/1.4.13/package/man/man7/npm-faq.7',
55 silly resolved        '/Users/jeremy/.npm/npm/1.4.13/package/man/man7/npm-index.7',
55 silly resolved        '/Users/jeremy/.npm/npm/1.4.13/package/man/man7/npm-registry.7',
55 silly resolved        '/Users/jeremy/.npm/npm/1.4.13/package/man/man7/npm-scripts.7',
55 silly resolved        '/Users/jeremy/.npm/npm/1.4.13/package/man/man7/removing-npm.7',
55 silly resolved        '/Users/jeremy/.npm/npm/1.4.13/package/man/man7/semver.7' ],
55 silly resolved     contributors:
55 silly resolved      [ [Object],
55 silly resolved        [Object],
55 silly resolved        [Object],
55 silly resolved        [Object],
55 silly resolved        [Object],
55 silly resolved        [Object],
55 silly resolved        [Object],
55 silly resolved        [Object],
55 silly resolved        [Object],
55 silly resolved        [Object],
55 silly resolved        [Object],
55 silly resolved        [Object],
55 silly resolved        [Object],
55 silly resolved        [Object],
55 silly resolved        [Object],
55 silly resolved        [Object],
55 silly resolved        [Object],
55 silly resolved        [Object],
55 silly resolved        [Object],
55 silly resolved        [Object],
55 silly resolved        [Object],
55 silly resolved        [Object],
55 silly resolved        [Object],
55 silly resolved        [Object],
55 silly resolved        [Object],
55 silly resolved        [Object],
55 silly resolved        [Object],
55 silly resolved        [Object],
55 silly resolved        [Object],
55 silly resolved        [Object],
55 silly resolved        [Object],
55 silly resolved        [Object],
55 silly resolved        [Object],
55 silly resolved        [Object],
55 silly resolved        [Object],
55 silly resolved        [Object],
55 silly resolved        [Object],
55 silly resolved        [Object],
55 silly resolved        [Object],
55 silly resolved        [Object],
55 silly resolved        [Object],
55 silly resolved        [Object],
55 silly resolved        [Object],
55 silly resolved        [Object],
55 silly resolved        [Object],
55 silly resolved        [Object],
55 silly resolved        [Object],
55 silly resolved        [Object],
55 silly resolved        [Object],
55 silly resolved        [Object],
55 silly resolved        [Object],
55 silly resolved        [Object],
55 silly resolved        [Object],
55 silly resolved        [Object],
55 silly resolved        [Object],
55 silly resolved        [Object],
55 silly resolved        [Object],
55 silly resolved        [Object],
55 silly resolved        [Object],
55 silly resolved        [Object],
55 silly resolved        [Object],
55 silly resolved        [Object],
55 silly resolved        [Object],
55 silly resolved        [Object],
55 silly resolved        [Object],
55 silly resolved        [Object],
55 silly resolved        [Object],
55 silly resolved        [Object],
55 silly resolved        [Object],
55 silly resolved        [Object],
55 silly resolved        [Object],
55 silly resolved        [Object],
55 silly resolved        [Object],
55 silly resolved        [Object],
55 silly resolved        [Object],
55 silly resolved        [Object],
55 silly resolved        [Object],
55 silly resolved        [Object],
55 silly resolved        [Object],
55 silly resolved        [Object],
55 silly resolved        [Object],
55 silly resolved        [Object],
55 silly resolved        [Object],
55 silly resolved        [Object],
55 silly resolved        [Object],
55 silly resolved        [Object],
55 silly resolved        [Object],
55 silly resolved        [Object],
55 silly resolved        [Object],
55 silly resolved        [Object],
55 silly resolved        [Object],
55 silly resolved        [Object],
55 silly resolved        [Object],
55 silly resolved        [Object],
55 silly resolved        [Object],
55 silly resolved        [Object],
55 silly resolved        [Object],
55 silly resolved        [Object],
55 silly resolved        [Object],
55 silly resolved        [Object],
55 silly resolved        [Object],
55 silly resolved        [Object],
55 silly resolved        [Object],
55 silly resolved        [Object],
55 silly resolved        [Object],
55 silly resolved        [Object],
55 silly resolved        [Object],
55 silly resolved        [Object],
55 silly resolved        [Object],
55 silly resolved        [Object],
55 silly resolved        [Object],
55 silly resolved        [Object],
55 silly resolved        [Object],
55 silly resolved        [Object],
55 silly resolved        [Object],
55 silly resolved        [Object],
55 silly resolved        [Object],
55 silly resolved        [Object],
55 silly resolved        [Object],
55 silly resolved        [Object],
55 silly resolved        [Object],
55 silly resolved        [Object],
55 silly resolved        [Object],
55 silly resolved        [Object],
55 silly resolved        [Object],
55 silly resolved        [Object],
55 silly resolved        [Object],
55 silly resolved        [Object],
55 silly resolved        [Object],
55 silly resolved        [Object],
55 silly resolved        [Object],
55 silly resolved        [Object],
55 silly resolved        [Object],
55 silly resolved        [Object],
55 silly resolved        [Object],
55 silly resolved        [Object],
55 silly resolved        [Object],
55 silly resolved        [Object],
55 silly resolved        [Object],
55 silly resolved        [Object],
55 silly resolved        [Object],
55 silly resolved        [Object],
55 silly resolved        [Object],
55 silly resolved        [Object],
55 silly resolved        [Object],
55 silly resolved        [Object],
55 silly resolved        [Object],
55 silly resolved        [Object],
55 silly resolved        [Object],
55 silly resolved        [Object],
55 silly resolved        [Object],
55 silly resolved        [Object],
55 silly resolved        [Object],
55 silly resolved        [Object],
55 silly resolved        [Object],
55 silly resolved        [Object],
55 silly resolved        [Object] ],
55 silly resolved     readme: 'npm(1) -- node package manager\n==============================\n[![Build Status](https://img.shields.io/travis/npm/npm/master.svg)](https://travis-ci.org/npm/npm)\n## SYNOPSIS\n\nThis is just enough info to get you up and running.\n\nMuch more info available via `npm help` once it\'s installed.\n\n## IMPORTANT\n\n**You need node v0.8 or higher to run this program.**\n\nTo install an old **and unsupported** version of npm that works on node 0.3\nand prior, clone the git repo and dig through the old tags and branches.\n\n## Super Easy Install\n\nnpm comes with node now.\n\n### Windows Computers\n\nGet the MSI.  npm is in it.\n\n### Apple Macintosh Computers\n\nGet the pkg.  npm is in it.\n\n### Other Sorts of Unices\n\nRun `make install`.  npm will be installed with node.\n\nIf you want a more fancy pants install (a different version, customized\npaths, etc.) then read on.\n\n## Fancy Install (Unix)\n\nThere\'s a pretty robust install script at\n<https://www.npmjs.org/install.sh>.  You can download that and run it.\n\nHere\'s an example using curl:\n\n    curl -L https://npmjs.org/install.sh | sh\n\n### Slightly Fancier\n\nYou can set any npm configuration params with that script:\n\n    npm_config_prefix=/some/path sh install.sh\n\nOr, you can run it in uber-debuggery mode:\n\n    npm_debug=1 sh install.sh\n\n### Even Fancier\n\nGet the code with git.  Use `make` to build the docs and do other stuff.\nIf you plan on hacking on npm, `make link` is your friend.\n\nIf you\'ve got the npm source code, you can also semi-permanently set\narbitrary config keys using the `./configure --key=val ...`, and then\nrun npm commands by doing `node cli.js <cmd> <args>`.  (This is helpful\nfor testing, or running stuff without actually installing npm itself.)\n\n## Fancy Windows Install\n\nYou can download a zip file from <https://npmjs.org/dist/>, and unpack it\nin the same folder where node.exe lives.\n\nIf that\'s not fancy enough for you, then you can fetch the code with\ngit, and mess with it directly.\n\n## Installing on Cygwin\n\nNo.\n\n## Permissions when Using npm to Install Other Stuff\n\n**tl;dr**\n\n* Use `sudo` for greater safety.  Or don\'t, if you prefer not to.\n* npm will downgrade permissions if it\'s root before running any build\n  scripts that package authors specified.\n\n### More details...\n\nAs of version 0.3, it is recommended to run npm as root.\nThis allows npm to change the user identifier to the `nobody` user prior\nto running any package build or test commands.\n\nIf you are not the root user, or if you are on a platform that does not\nsupport uid switching, then npm will not attempt to change the userid.\n\nIf you would like to ensure that npm **always** runs scripts as the\n"nobody" user, and have it fail if it cannot downgrade permissions, then\nset the following configuration param:\n\n    npm config set unsafe-perm false\n\nThis will prevent running in unsafe mode, even as non-root users.\n\n## Uninstalling\n\nSo sad to see you go.\n\n    sudo npm uninstall npm -g\n\nOr, if that fails,\n\n    sudo make uninstall\n\n## More Severe Uninstalling\n\nUsually, the above instructions are sufficient.  That will remove\nnpm, but leave behind anything you\'ve installed.\n\nIf you would like to remove all the packages that you have installed,\nthen you can use the `npm ls` command to find them, and then `npm rm` to\nremove them.\n\nTo remove cruft left behind by npm 0.x, you can use the included\n`clean-old.sh` script file.  You can run it conveniently like this:\n\n    npm explore npm -g -- sh scripts/clean-old.sh\n\nnpm uses two configuration files, one for per-user configs, and another\nfor global (every-user) configs.  You can view them by doing:\n\n    npm config get userconfig   # defaults to ~/.npmrc\n    npm config get globalconfig # defaults to /usr/local/etc/npmrc\n\nUninstalling npm does not remove configuration files by default.  You\nmust remove them yourself manually if you want them gone.  Note that\nthis means that future npm installs will not remember the settings that\nyou have chosen.\n\n## Using npm Programmatically\n\nIf you would like to use npm programmatically, you can do that.\nIt\'s not very well documented, but it *is* rather simple.\n\nMost of the time, unless you actually want to do all the things that\nnpm does, you should try using one of npm\'s dependencies rather than\nusing npm itself, if possible.\n\nEventually, npm will be just a thin cli wrapper around the modules\nthat it depends on, but for now, there are some things that you must\nuse npm itself to do.\n\n    var npm = require("npm")\n    npm.load(myConfigObject, function (er) {\n      if (er) return handlError(er)\n      npm.commands.install(["some", "args"], function (er, data) {\n        if (er) return commandFailed(er)\n        // command succeeded, and data might have some info\n      })\n      npm.on("log", function (message) { .... })\n    })\n\nThe `load` function takes an object hash of the command-line configs.\nThe various `npm.commands.<cmd>` functions take an **array** of\npositional argument **strings**.  The last argument to any\n`npm.commands.<cmd>` function is a callback.  Some commands take other\noptional arguments.  Read the source.\n\nYou cannot set configs individually for any single npm function at this\ntime.  Since `npm` is a singleton, any call to `npm.config.set` will\nchange the value for *all* npm commands in that process.\n\nSee `./bin/npm-cli.js` for an example of pulling config values off of the\ncommand line arguments using nopt.  You may also want to check out `npm\nhelp config` to learn about all the options you can set there.\n\n## More Docs\n\nCheck out the [docs](https://www.npmjs.org/doc/),\nespecially the [faq](https://www.npmjs.org/doc/faq.html).\n\nYou can use the `npm help` command to read any of them.\n\nIf you\'re a developer, and you want to use npm to publish your program,\nyou should [read this](https://www.npmjs.org/doc/developers.html)\n\n## Legal Stuff\n\n"npm" and "The npm Registry" are owned by npm, Inc.\nAll rights reserved.  See the included LICENSE file for more details.\n\n"Node.js" and "node" are trademarks owned by Joyent, Inc.\n\nModules published on the npm registry are not officially endorsed by\nnpm, Inc. or the Node.js project.\n\nData published to the npm registry is not part of npm itself, and is\nthe sole property of the publisher.  While every effort is made to\nensure accountability, there is absolutely no guarantee, warrantee, or\nassertion expressed or implied as to the quality, fitness for a\nspecific purpose, or lack of malice in any given npm package.\n\nIf you have a complaint about a package in the public npm registry,\nand cannot [resolve it with the package\nowner](https://www.npmjs.org/doc/misc/npm-disputes.html), please email\n<support@npmjs.com> and explain the situation.\n\nAny data published to The npm Registry (including user account\ninformation) may be removed or modified at the sole discretion of the\nnpm server administrators.\n\n### In plainer english\n\nnpm is the property of npm, Inc.\n\nIf you publish something, it\'s yours, and you are solely accountable\nfor it.\n\nIf other people publish something, it\'s theirs.\n\nUsers can publish Bad Stuff.  It will be removed promptly if reported.\nBut there is no vetting process for published modules, and you use\nthem at your own risk.  Please inspect the source.\n\nIf you publish Bad Stuff, we may delete it from the registry, or even\nban your account in extreme cases.  So don\'t do that.\n\n## BUGS\n\nWhen you find issues, please report them:\n\n* web:\n  <https://github.com/npm/npm/issues>\n* email:\n  <npm-@googlegroups.com>\n\nBe sure to include *all* of the output from the npm command that didn\'t work\nas expected.  The `npm-debug.log` file is also helpful to provide.\n\nYou can also look for isaacs in #node.js on irc://irc.freenode.net.  He\nwill no doubt tell you to put the output in a gist or email.\n\n## SEE ALSO\n\n* npm(1)\n* npm-faq(7)\n* npm-help(1)\n* npm-index(7)\n',
55 silly resolved     readmeFilename: 'README.md',
55 silly resolved     _id: 'npm@1.4.13',
55 silly resolved     _from: 'npm@1.4.13' } ]
56 info install npm@1.4.13 into /usr/local/lib
57 info installOne npm@1.4.13
58 info /usr/local/lib/node_modules/meanio/node_modules/npm unbuild
59 info preuninstall npm@1.4.10
60 info /usr/local/lib/node_modules/npm unbuild
61 info preuninstall npm@1.4.3
62 info uninstall npm@1.4.10
63 info uninstall npm@1.4.3
64 verbose false,/usr/local/lib/node_modules,/usr/local/lib/node_modules/meanio/node_modules unbuild npm@1.4.10
65 verbose /usr/local/lib/node_modules/meanio/node_modules/.bin,[object Object] binRoot
66 verbose true,/usr/local/lib/node_modules,/usr/local/lib/node_modules unbuild npm@1.4.3
67 verbose /usr/local/bin,[object Object] binRoot
68 info /usr/local/lib/node_modules/npm unbuild
69 info postuninstall npm@1.4.10
70 info preuninstall npm@1.4.3
71 info uninstall npm@1.4.3
72 verbose true,/usr/local/lib/node_modules,/usr/local/lib/node_modules unbuild npm@1.4.3
73 verbose /usr/local/bin,[object Object] binRoot
74 error error rolling back Error: Refusing to delete: /usr/local/share/man/man1/npm-adduser.1 not in /usr/local/lib/node_modules/npm
74 error error rolling back     at clobberFail (/usr/local/Cellar/node/0.10.26/lib/node_modules/npm/lib/utils/gently-rm.js:57:12)
74 error error rolling back     at next (/usr/local/Cellar/node/0.10.26/lib/node_modules/npm/lib/utils/gently-rm.js:43:14)
74 error error rolling back     at /usr/local/Cellar/node/0.10.26/lib/node_modules/npm/lib/utils/gently-rm.js:52:12
74 error error rolling back     at Object.oncomplete (fs.js:107:15)
74 error error rolling back  npm@1.4.13 { [Error: Refusing to delete: /usr/local/share/man/man1/npm-adduser.1 not in /usr/local/lib/node_modules/npm]
74 error error rolling back   code: 'EEXIST',
74 error error rolling back   path: '/usr/local/share/man/man1/npm-adduser.1' }
75 error Refusing to delete: /usr/local/bin/npm not in /usr/local/lib/node_modules/npm
File exists: /usr/local/bin/npm
Move it away, and try again.
76 error System Darwin 13.2.0
77 error command "/usr/local/Cellar/node/0.10.26/bin/node" "/usr/local/bin/npm" "update" "-g" "npm"
78 error cwd /Users/jeremy/Code/Node/customprintapp
79 error node -v v0.10.26
80 error npm -v 1.4.3
81 error path /usr/local/bin/npm
82 error code EEXIST
83 verbose exit [ 1, true ]
